[11:56:38] [User Authenticator #17/INFO]: UUID of player MR_Wizard7 is 4a690194-ea0d-4bc1-bfbc-92c526c0f3d9
[11:56:39] [Server thread/INFO]: MR_Wizard7[/100.105.210.45:53406] logged in with entity id 323074 at (-2129.5606770901622, 63.0, -349.5492385444272)
[11:56:39] [Server thread/INFO]: MR_Wizard7 joined the game
[12:05:56] [Server thread/INFO]: MR_Wizard7 lost connection: Disconnected
[12:05:56] [Server thread/INFO]: MR_Wizard7 left the game
[12:05:58] [User Authenticator #18/INFO]: UUID of player MR_Wizard7 is 4a690194-ea0d-4bc1-bfbc-92c526c0f3d9
[12:05:58] [Server thread/INFO]: MR_Wizard7[/100.105.210.45:53531] logged in with entity id 326688 at (-2142.531390087809, 62.0, -326.30000001192093)
[12:05:58] [Server thread/INFO]: MR_Wizard7 joined the game
[12:46:47] [Server thread/INFO]: [MR_Wizard7: Set the time to 13000]
[12:55:43] [Server thread/INFO]: [MR_Wizard7: Set the time to 13000]
[12:57:37] [Server thread/INFO]: Villager cmm['Librarian'/336022, l='ServerLevel[world]', x=-2151.52, y=63.00, z=-343.12] died, message: 'Librarian was slain by Zombie'
[13:03:59] [Server thread/INFO]: [MR_Wizard7: Set the time to 13000]
[13:05:33] [Server thread/INFO]: Villager cmm['Librarian'/336015, l='ServerLevel[world]', x=-2149.49, y=63.00, z=-343.52] died, message: 'Librarian was slain by Zombie'
[13:06:06] [Server thread/INFO]: MR_Wizard7 lost connection: Disconnected
[13:06:06] [Server thread/INFO]: MR_Wizard7 left the game
[13:06:07] [User Authenticator #19/INFO]: UUID of player MR_Wizard7 is 4a690194-ea0d-4bc1-bfbc-92c526c0f3d9
[13:06:08] [Server thread/INFO]: MR_Wizard7[/100.105.210.45:53958] logged in with entity id 346336 at (-2147.21004951851, 63.0, -341.4120497487869)
[13:06:08] [Server thread/INFO]: MR_Wizard7 joined the game
[13:09:25] [Server thread/INFO]: Villager cmm['Librarian'/346342, l='ServerLevel[world]', x=-2149.37, y=63.00, z=-343.10] died, message: 'Librarian was slain by Zombie'
[13:11:36] [Server thread/INFO]: [MR_Wizard7: Set the time to 1000]
[13:15:38] [Server thread/INFO]: MR_Wizard7 lost connection: Disconnected
[13:15:38] [Server thread/INFO]: MR_Wizard7 left the game
[13:15:39] [User Authenticator #20/INFO]: UUID of player MR_Wizard7 is 4a690194-ea0d-4bc1-bfbc-92c526c0f3d9
[13:15:39] [Server thread/INFO]: MR_Wizard7[/100.105.210.45:54021] logged in with entity id 349352 at (-2149.968033389279, 67.5625, -337.0356570907515)
[13:15:39] [Server thread/INFO]: MR_Wizard7 joined the game
[13:26:59] [Server thread/INFO]: MR_Wizard7 lost connection: Disconnected
[13:26:59] [Server thread/INFO]: MR_Wizard7 left the game
[13:27:01] [User Authenticator #21/INFO]: UUID of player MR_Wizard7 is 4a690194-ea0d-4bc1-bfbc-92c526c0f3d9
[13:27:01] [Server thread/INFO]: MR_Wizard7[/100.105.210.45:54097] logged in with entity id 352819 at (-2149.347520791218, 63.0, -341.97024589252396)
[13:27:01] [Server thread/INFO]: MR_Wizard7 joined the game
[13:30:29] [Server thread/INFO]: MR_Wizard7 lost connection: Disconnected
[13:30:29] [Server thread/INFO]: MR_Wizard7 left the game
[13:30:31] [User Authenticator #22/INFO]: UUID of player MR_Wizard7 is 4a690194-ea0d-4bc1-bfbc-92c526c0f3d9
[13:30:31] [Server thread/INFO]: MR_Wizard7[/100.105.210.45:54121] logged in with entity id 354629 at (-2150.730165823188, 63.125, -343.0596955837589)
[13:30:31] [Server thread/INFO]: MR_Wizard7 joined the game
[13:31:41] [Server thread/INFO]: MR_Wizard7 lost connection: Disconnected
[13:31:41] [Server thread/INFO]: MR_Wizard7 left the game
[13:31:43] [User Authenticator #23/INFO]: UUID of player MR_Wizard7 is 4a690194-ea0d-4bc1-bfbc-92c526c0f3d9
[13:31:43] [Server thread/INFO]: MR_Wizard7[/100.105.210.45:54127] logged in with entity id 356017 at (-2149.4457393711873, 63.125, -342.70313147128365)
[13:31:43] [Server thread/INFO]: MR_Wizard7 joined the game
[13:39:03] [Server thread/INFO]: [MR_Wizard7: Set the time to 13000]
[13:46:59] [Server thread/INFO]: [MR_Wizard7: Set the time to 13000]
[14:54:06] [Server thread/INFO]: MR_Wizard7 lost connection: Disconnected
[14:54:06] [Server thread/INFO]: MR_Wizard7 left the game
[17:27:38] [Server thread/INFO]: Unknown or incomplete command, see below for error
[17:27:38] [Server thread/INFO]: 	/list<--[HERE]
[17:27:41] [Server thread/INFO]: There are 0 of a max of 20 players online: 
